mode: count
github.com/peketamin/go-digital-signage/lib.go:73.14,74.22 1 0
github.com/peketamin/go-digital-signage/lib.go:74.22,77.3 2 0
github.com/peketamin/go-digital-signage/lib.go:80.31,83.18 2 2
github.com/peketamin/go-digital-signage/lib.go:88.2,93.26 6 2
github.com/peketamin/go-digital-signage/lib.go:83.18,86.3 2 0
github.com/peketamin/go-digital-signage/lib.go:96.23,101.2 4 2
github.com/peketamin/go-digital-signage/lib.go:103.46,104.17 1 0
github.com/peketamin/go-digital-signage/lib.go:107.2,107.36 1 0
github.com/peketamin/go-digital-signage/lib.go:104.17,106.3 1 0
github.com/peketamin/go-digital-signage/lib.go:109.47,111.2 1 0
github.com/peketamin/go-digital-signage/lib.go:113.34,116.2 2 0
github.com/peketamin/go-digital-signage/lib.go:118.32,121.2 2 0
github.com/peketamin/go-digital-signage/lib.go:123.51,126.113 2 0
github.com/peketamin/go-digital-signage/lib.go:129.2,129.19 1 0
github.com/peketamin/go-digital-signage/lib.go:126.113,128.3 1 0
github.com/peketamin/go-digital-signage/lib.go:132.50,138.36 2 1
github.com/peketamin/go-digital-signage/lib.go:142.2,142.19 1 1
github.com/peketamin/go-digital-signage/lib.go:138.36,141.3 1 0
github.com/peketamin/go-digital-signage/lib.go:145.65,149.24 4 0
github.com/peketamin/go-digital-signage/lib.go:152.2,152.13 1 0
github.com/peketamin/go-digital-signage/lib.go:149.24,151.3 1 0
github.com/peketamin/go-digital-signage/lib.go:155.37,157.92 2 1
github.com/peketamin/go-digital-signage/lib.go:161.2,162.12 2 1
github.com/peketamin/go-digital-signage/lib.go:157.92,160.3 2 0
github.com/peketamin/go-digital-signage/lib.go:165.40,169.52 2 0
github.com/peketamin/go-digital-signage/lib.go:172.2,172.19 1 0
github.com/peketamin/go-digital-signage/lib.go:169.52,171.3 1 0
github.com/peketamin/go-digital-signage/lib.go:175.86,177.51 1 0
github.com/peketamin/go-digital-signage/lib.go:182.2,191.16 4 0
github.com/peketamin/go-digital-signage/lib.go:177.51,177.81 1 0
github.com/peketamin/go-digital-signage/lib.go:178.49,178.77 1 0
github.com/peketamin/go-digital-signage/lib.go:179.55,179.89 1 0
github.com/peketamin/go-digital-signage/lib.go:180.44,180.79 1 0
github.com/peketamin/go-digital-signage/lib.go:191.16,193.3 1 0
github.com/peketamin/go-digital-signage/lib.go:196.87,197.54 1 0
github.com/peketamin/go-digital-signage/lib.go:197.54,200.15 2 0
github.com/peketamin/go-digital-signage/lib.go:204.3,204.17 1 0
github.com/peketamin/go-digital-signage/lib.go:207.3,208.17 2 0
github.com/peketamin/go-digital-signage/lib.go:212.3,212.29 1 0
github.com/peketamin/go-digital-signage/lib.go:200.15,203.4 2 0
github.com/peketamin/go-digital-signage/lib.go:204.17,206.4 1 0
github.com/peketamin/go-digital-signage/lib.go:208.17,211.4 2 0
github.com/peketamin/go-digital-signage/lib.go:216.58,219.14 2 0
github.com/peketamin/go-digital-signage/lib.go:225.2,225.16 1 0
github.com/peketamin/go-digital-signage/lib.go:240.2,241.16 2 0
github.com/peketamin/go-digital-signage/lib.go:245.2,247.16 3 0
github.com/peketamin/go-digital-signage/lib.go:251.2,251.38 1 0
github.com/peketamin/go-digital-signage/lib.go:219.14,222.3 2 0
github.com/peketamin/go-digital-signage/lib.go:225.16,227.17 2 0
github.com/peketamin/go-digital-signage/lib.go:235.3,236.9 2 0
github.com/peketamin/go-digital-signage/lib.go:227.17,229.18 2 0
github.com/peketamin/go-digital-signage/lib.go:233.4,233.51 1 0
github.com/peketamin/go-digital-signage/lib.go:229.18,232.5 2 0
github.com/peketamin/go-digital-signage/lib.go:241.16,244.3 2 0
github.com/peketamin/go-digital-signage/lib.go:247.16,250.3 2 0
github.com/peketamin/go-digital-signage/lib.go:254.59,257.14 2 0
github.com/peketamin/go-digital-signage/lib.go:263.2,264.16 2 0
github.com/peketamin/go-digital-signage/lib.go:268.2,273.22 6 0
github.com/peketamin/go-digital-signage/lib.go:257.14,260.3 2 0
github.com/peketamin/go-digital-signage/lib.go:264.16,267.3 2 0
github.com/peketamin/go-digital-signage/lib.go:276.57,279.16 2 0
github.com/peketamin/go-digital-signage/lib.go:283.2,284.40 2 0
github.com/peketamin/go-digital-signage/lib.go:279.16,282.3 2 0
github.com/peketamin/go-digital-signage/lib.go:287.68,289.16 2 0
github.com/peketamin/go-digital-signage/lib.go:293.2,293.38 1 0
github.com/peketamin/go-digital-signage/lib.go:289.16,292.3 2 0
github.com/peketamin/go-digital-signage/lib.go:296.68,308.13 2 0
github.com/peketamin/go-digital-signage/lib.go:316.2,319.16 3 0
github.com/peketamin/go-digital-signage/lib.go:337.2,337.34 1 0
github.com/peketamin/go-digital-signage/lib.go:342.2,346.58 3 0
github.com/peketamin/go-digital-signage/lib.go:308.13,310.3 1 0
github.com/peketamin/go-digital-signage/lib.go:310.4,313.3 2 0
github.com/peketamin/go-digital-signage/lib.go:319.16,324.17 3 0
github.com/peketamin/go-digital-signage/lib.go:328.3,334.21 2 0
github.com/peketamin/go-digital-signage/lib.go:324.17,327.4 2 0
github.com/peketamin/go-digital-signage/lib.go:337.34,339.3 1 0
github.com/peketamin/go-digital-signage/main.go:11.14,22.11 8 0
github.com/peketamin/go-digital-signage/main.go:35.2,35.35 1 0
github.com/peketamin/go-digital-signage/main.go:22.11,24.17 2 0
github.com/peketamin/go-digital-signage/main.go:27.3,28.17 2 0
github.com/peketamin/go-digital-signage/main.go:31.3,33.9 3 0
github.com/peketamin/go-digital-signage/main.go:24.17,26.4 1 0
github.com/peketamin/go-digital-signage/main.go:28.17,30.4 1 0
github.com/peketamin/go-digital-signage/main.go:38.13,42.2 3 0
